[2023-09-25 17:22:33] local.INFO: Detected N+1 Query  
[2023-09-25 17:22:33] local.INFO: Model: App\Models\Conversation
Relation: sender
Num-Called: 12
Call-Stack:
#18 \storage\framework\views\c4a4661d852be208c983464cc527d22a49d89bb9.php:27
#20 \vendor\laravel\framework\src\Illuminate\Filesystem\Filesystem.php:108
#21 \vendor\laravel\framework\src\Illuminate\View\Engines\PhpEngine.php:58
#22 \vendor\laravel\framework\src\Illuminate\View\Engines\CompilerEngine.php:61
#23 \vendor\facade\ignition\src\Views\Engines\CompilerEngine.php:37
#24 \vendor\laravel\framework\src\Illuminate\View\View.php:139
#25 \vendor\laravel\framework\src\Illuminate\View\View.php:122
#26 \vendor\laravel\framework\src\Illuminate\View\View.php:91
#27 \vendor\laravel\framework\src\Illuminate\Http\Response.php:69
#28 \vendor\laravel\framework\src\Illuminate\Http\Response.php:35
#29 \vendor\laravel\framework\src\Illuminate\Routing\Router.php:820
#30 \vendor\laravel\framework\src\Illuminate\Routing\Router.php:789
#31 \vendor\laravel\framework\src\Illuminate\Routing\Router.php:720
#32 \vendor\laravel\framework\src\Illuminate\Pipeline\Pipeline.php:128
#33 \app\Http\Middleware\CheckStatus.php:21
#34 \vendor\laravel\framework\src\Illuminate\Pipeline\Pipeline.php:167
#35 \app\Http\Middleware\LastUserActivity.php:30
#36 \vendor\laravel\framework\src\Illuminate\Pipeline\Pipeline.php:167
#37 \app\Http\Middleware\LanguageMiddleware.php:21
#38 \vendor\laravel\framework\src\Illuminate\Pipeline\Pipeline.php:167
#39 \vendor\laravel\framework\src\Illuminate\Routing\Middleware\SubstituteBindings.php:50
#40 \vendor\laravel\framework\src\Illuminate\Pipeline\Pipeline.php:167
#41 \app\Http\Middleware\Authenticate.php:20
#42 \vendor\laravel\framework\src\Illuminate\Pipeline\Pipeline.php:167
#43 \vendor\laravel\framework\src\Illuminate\Foundation\Http\Middleware\VerifyCsrfToken.php:78
#44 \vendor\laravel\framework\src\Illuminate\Pipeline\Pipeline.php:167
#45 \vendor\laravel\framework\src\Illuminate\View\Middleware\ShareErrorsFromSession.php:49
#46 \vendor\laravel\framework\src\Illuminate\Pipeline\Pipeline.php:167
#47 \vendor\laravel\framework\src\Illuminate\Session\Middleware\StartSession.php:121
#48 \vendor\laravel\framework\src\Illuminate\Session\Middleware\StartSession.php:64
#49 \vendor\laravel\framework\src\Illuminate\Pipeline\Pipeline.php:167
  
[2023-09-25 17:23:15] local.INFO: Detected N+1 Query  
[2023-09-25 17:23:15] local.INFO: Model: App\Models\Conversation
Relation: sender
Num-Called: 12
Call-Stack:
#18 \storage\framework\views\c4a4661d852be208c983464cc527d22a49d89bb9.php:27
#20 \vendor\laravel\framework\src\Illuminate\Filesystem\Filesystem.php:108
#21 \vendor\laravel\framework\src\Illuminate\View\Engines\PhpEngine.php:58
#22 \vendor\laravel\framework\src\Illuminate\View\Engines\CompilerEngine.php:61
#23 \vendor\facade\ignition\src\Views\Engines\CompilerEngine.php:37
#24 \vendor\laravel\framework\src\Illuminate\View\View.php:139
#25 \vendor\laravel\framework\src\Illuminate\View\View.php:122
#26 \vendor\laravel\framework\src\Illuminate\View\View.php:91
#27 \vendor\laravel\framework\src\Illuminate\Http\Response.php:69
#28 \vendor\laravel\framework\src\Illuminate\Http\Response.php:35
#29 \vendor\laravel\framework\src\Illuminate\Routing\Router.php:820
#30 \vendor\laravel\framework\src\Illuminate\Routing\Router.php:789
#31 \vendor\laravel\framework\src\Illuminate\Routing\Router.php:720
#32 \vendor\laravel\framework\src\Illuminate\Pipeline\Pipeline.php:128
#33 \app\Http\Middleware\CheckStatus.php:21
#34 \vendor\laravel\framework\src\Illuminate\Pipeline\Pipeline.php:167
#35 \app\Http\Middleware\LastUserActivity.php:30
#36 \vendor\laravel\framework\src\Illuminate\Pipeline\Pipeline.php:167
#37 \app\Http\Middleware\LanguageMiddleware.php:21
#38 \vendor\laravel\framework\src\Illuminate\Pipeline\Pipeline.php:167
#39 \vendor\laravel\framework\src\Illuminate\Routing\Middleware\SubstituteBindings.php:50
#40 \vendor\laravel\framework\src\Illuminate\Pipeline\Pipeline.php:167
#41 \app\Http\Middleware\Authenticate.php:20
#42 \vendor\laravel\framework\src\Illuminate\Pipeline\Pipeline.php:167
#43 \vendor\laravel\framework\src\Illuminate\Foundation\Http\Middleware\VerifyCsrfToken.php:78
#44 \vendor\laravel\framework\src\Illuminate\Pipeline\Pipeline.php:167
#45 \vendor\laravel\framework\src\Illuminate\View\Middleware\ShareErrorsFromSession.php:49
#46 \vendor\laravel\framework\src\Illuminate\Pipeline\Pipeline.php:167
#47 \vendor\laravel\framework\src\Illuminate\Session\Middleware\StartSession.php:121
#48 \vendor\laravel\framework\src\Illuminate\Session\Middleware\StartSession.php:64
#49 \vendor\laravel\framework\src\Illuminate\Pipeline\Pipeline.php:167
  
[2023-09-25 22:58:31] local.INFO: Detected N+1 Query  
[2023-09-25 22:58:31] local.INFO: Model: App\Models\Conversation
Relation: sender
Num-Called: 12
Call-Stack:
#18 \storage\framework\views\c4a4661d852be208c983464cc527d22a49d89bb9.php:27
#20 \vendor\laravel\framework\src\Illuminate\Filesystem\Filesystem.php:108
#21 \vendor\laravel\framework\src\Illuminate\View\Engines\PhpEngine.php:58
#22 \vendor\laravel\framework\src\Illuminate\View\Engines\CompilerEngine.php:61
#23 \vendor\facade\ignition\src\Views\Engines\CompilerEngine.php:37
#24 \vendor\laravel\framework\src\Illuminate\View\View.php:139
#25 \vendor\laravel\framework\src\Illuminate\View\View.php:122
#26 \vendor\laravel\framework\src\Illuminate\View\View.php:91
#27 \vendor\laravel\framework\src\Illuminate\Http\Response.php:69
#28 \vendor\laravel\framework\src\Illuminate\Http\Response.php:35
#29 \vendor\laravel\framework\src\Illuminate\Routing\Router.php:820
#30 \vendor\laravel\framework\src\Illuminate\Routing\Router.php:789
#31 \vendor\laravel\framework\src\Illuminate\Routing\Router.php:720
#32 \vendor\laravel\framework\src\Illuminate\Pipeline\Pipeline.php:128
#33 \app\Http\Middleware\CheckStatus.php:21
#34 \vendor\laravel\framework\src\Illuminate\Pipeline\Pipeline.php:167
#35 \app\Http\Middleware\LastUserActivity.php:30
#36 \vendor\laravel\framework\src\Illuminate\Pipeline\Pipeline.php:167
#37 \app\Http\Middleware\LanguageMiddleware.php:21
#38 \vendor\laravel\framework\src\Illuminate\Pipeline\Pipeline.php:167
#39 \vendor\laravel\framework\src\Illuminate\Routing\Middleware\SubstituteBindings.php:50
#40 \vendor\laravel\framework\src\Illuminate\Pipeline\Pipeline.php:167
#41 \app\Http\Middleware\Authenticate.php:20
#42 \vendor\laravel\framework\src\Illuminate\Pipeline\Pipeline.php:167
#43 \vendor\laravel\framework\src\Illuminate\Foundation\Http\Middleware\VerifyCsrfToken.php:78
#44 \vendor\laravel\framework\src\Illuminate\Pipeline\Pipeline.php:167
#45 \vendor\laravel\framework\src\Illuminate\View\Middleware\ShareErrorsFromSession.php:49
#46 \vendor\laravel\framework\src\Illuminate\Pipeline\Pipeline.php:167
#47 \vendor\laravel\framework\src\Illuminate\Session\Middleware\StartSession.php:121
#48 \vendor\laravel\framework\src\Illuminate\Session\Middleware\StartSession.php:64
#49 \vendor\laravel\framework\src\Illuminate\Pipeline\Pipeline.php:167
  
[2023-09-25 23:04:25] local.INFO: Detected N+1 Query  
[2023-09-25 23:04:25] local.INFO: Model: App\Models\Conversation
Relation: sender
Num-Called: 12
Call-Stack:
#18 \storage\framework\views\c4a4661d852be208c983464cc527d22a49d89bb9.php:27
#20 \vendor\laravel\framework\src\Illuminate\Filesystem\Filesystem.php:108
#21 \vendor\laravel\framework\src\Illuminate\View\Engines\PhpEngine.php:58
#22 \vendor\laravel\framework\src\Illuminate\View\Engines\CompilerEngine.php:61
#23 \vendor\facade\ignition\src\Views\Engines\CompilerEngine.php:37
#24 \vendor\laravel\framework\src\Illuminate\View\View.php:139
#25 \vendor\laravel\framework\src\Illuminate\View\View.php:122
#26 \vendor\laravel\framework\src\Illuminate\View\View.php:91
#27 \vendor\laravel\framework\src\Illuminate\Http\Response.php:69
#28 \vendor\laravel\framework\src\Illuminate\Http\Response.php:35
#29 \vendor\laravel\framework\src\Illuminate\Routing\Router.php:820
#30 \vendor\laravel\framework\src\Illuminate\Routing\Router.php:789
#31 \vendor\laravel\framework\src\Illuminate\Routing\Router.php:720
#32 \vendor\laravel\framework\src\Illuminate\Pipeline\Pipeline.php:128
#33 \app\Http\Middleware\CheckStatus.php:21
#34 \vendor\laravel\framework\src\Illuminate\Pipeline\Pipeline.php:167
#35 \app\Http\Middleware\LastUserActivity.php:30
#36 \vendor\laravel\framework\src\Illuminate\Pipeline\Pipeline.php:167
#37 \app\Http\Middleware\LanguageMiddleware.php:21
#38 \vendor\laravel\framework\src\Illuminate\Pipeline\Pipeline.php:167
#39 \vendor\laravel\framework\src\Illuminate\Routing\Middleware\SubstituteBindings.php:50
#40 \vendor\laravel\framework\src\Illuminate\Pipeline\Pipeline.php:167
#41 \app\Http\Middleware\Authenticate.php:20
#42 \vendor\laravel\framework\src\Illuminate\Pipeline\Pipeline.php:167
#43 \vendor\laravel\framework\src\Illuminate\Foundation\Http\Middleware\VerifyCsrfToken.php:78
#44 \vendor\laravel\framework\src\Illuminate\Pipeline\Pipeline.php:167
#45 \vendor\laravel\framework\src\Illuminate\View\Middleware\ShareErrorsFromSession.php:49
#46 \vendor\laravel\framework\src\Illuminate\Pipeline\Pipeline.php:167
#47 \vendor\laravel\framework\src\Illuminate\Session\Middleware\StartSession.php:121
#48 \vendor\laravel\framework\src\Illuminate\Session\Middleware\StartSession.php:64
#49 \vendor\laravel\framework\src\Illuminate\Pipeline\Pipeline.php:167
  
